<component name="libraryTable">
  <library name="junit-4.6">
    <CLASSES>
      <root url="jar://$PROJECT_DIR$/src/jcalendar-1.4 (2) 2/lib/junit-4.6.jar!/" />
    </CLASSES>
    <JAVADOC />
    <SOURCES />
  </library>
</component>